<?xml version="1.0" encoding="UTF-8"?>
<!-- Generated by org.testng.reporters.JUnitXMLReporter -->
<testsuite ignored="0" hostname="DESKTOP-R71JSJF" failures="0" tests="2" name="Test-Runner-firefox" time="27.269" errors="0" timestamp="2023-01-30T21:06:01 IST">
  <testcase classname="Generic_lib.Base_class" name="AT" time="0.005"/>
  <testcase classname="Import.ImportOrganisation" name="Import" time="24.11"/>
</testsuite> <!-- Test-Runner-firefox -->
