<?xml version="1.0" encoding="UTF-8"?>
<!-- Generated by org.testng.reporters.JUnitReportReporter -->
<testsuite hostname="DESKTOP-R71JSJF" failures="0" tests="1" name="Product.FlipKart" time="37.950" errors="0" timestamp="2023-02-16T11:46:02 IST" skipped="0">
  <testcase classname="Product.FlipKart" name="Flip" time="37.950"/>
  <system-out/>
</testsuite> <!-- Product.FlipKart -->
