<?xml version="1.0" encoding="UTF-8"?>
<!-- Generated by org.testng.reporters.JUnitReportReporter -->
<testsuite hostname="DESKTOP-R71JSJF" failures="0" tests="1" name="Selenium.Yahoo2" time="5.535" errors="0" timestamp="2023-03-20T16:23:09 IST" skipped="0">
  <testcase classname="Selenium.Yahoo2" name="Yah" time="5.535"/>
  <system-out/>
</testsuite> <!-- Selenium.Yahoo2 -->
