<?xml version="1.0" encoding="UTF-8"?>
<!-- Generated by org.testng.reporters.JUnitReportReporter -->
<testsuite hostname="DESKTOP-R71JSJF" failures="0" tests="2" name="Organisation.Organisation_test" time="13.234" errors="0" timestamp="2023-02-04T20:03:36 IST" skipped="0">
  <testcase classname="Organisation.Organisation_test" name="AT" time="0.005"/>
  <system-out/>
  <testcase classname="Organisation.Organisation_test" name="Organisation" time="13.229"/>
  <system-out/>
</testsuite> <!-- Organisation.Organisation_test -->
