<?xml version="1.0" encoding="UTF-8"?>
<!-- Generated by org.testng.reporters.JUnitReportReporter -->
<testsuite hostname="DESKTOP-R71JSJF" failures="0" tests="1" name="RedBus.WindowSwitching2" time="16.072" errors="0" timestamp="2023-01-29T17:51:38 IST" skipped="0">
  <testcase classname="RedBus.WindowSwitching2" name="WindowSwitching" time="16.072"/>
  <system-out/>
</testsuite> <!-- RedBus.WindowSwitching2 -->
