<?xml version="1.0" encoding="UTF-8"?>
<!-- Generated by org.testng.reporters.JUnitReportReporter -->
<testsuite hostname="DESKTOP-R71JSJF" failures="0" tests="2" name="Product.ToHandleDropDown" time="6.840" errors="0" timestamp="2023-02-12T16:44:11 IST" skipped="0">
  <testcase classname="Product.ToHandleDropDown" name="remove" time="2.510"/>
  <system-out/>
  <testcase classname="Product.ToHandleDropDown" name="Arraylist" time="4.330"/>
  <system-out/>
</testsuite> <!-- Product.ToHandleDropDown -->
