<?xml version="1.0" encoding="UTF-8"?>
<!-- Generated by org.testng.reporters.JUnitReportReporter -->
<testsuite hostname="DESKTOP-R71JSJF" failures="0" tests="1" name="Selenium.UK" time="21.928" errors="0" timestamp="2023-03-20T12:51:31 IST" skipped="0">
  <testcase classname="Selenium.UK" name="UK" time="21.928"/>
  <system-out/>
</testsuite> <!-- Selenium.UK -->
