<?xml version="1.0" encoding="UTF-8"?>
<!-- Generated by org.testng.reporters.JUnitReportReporter -->
<testsuite hostname="DESKTOP-R71JSJF" failures="0" tests="1" name="RedBus.VerifyErrorMessages" time="87.541" errors="0" timestamp="2023-02-07T16:58:06 IST" skipped="0">
  <testcase classname="RedBus.VerifyErrorMessages" name="VerifyMessages1" time="87.541"/>
  <system-out/>
</testsuite> <!-- RedBus.VerifyErrorMessages -->
