<?xml version="1.0" encoding="UTF-8"?>
<!-- Generated by org.testng.reporters.JUnitReportReporter -->
<testsuite hostname="DESKTOP-R71JSJF" failures="0" tests="1" name="Product.Practice4" time="12.428" errors="0" timestamp="2023-02-13T15:17:26 IST" skipped="0">
  <testcase classname="Product.Practice4" name="Practice" time="12.428"/>
  <system-out/>
</testsuite> <!-- Product.Practice4 -->
