<?xml version="1.0" encoding="UTF-8"?>
<!-- Generated by org.testng.reporters.JUnitReportReporter -->
<testsuite hostname="DESKTOP-R71JSJF" failures="0" tests="1" name="Selenium.Yahoo" time="10.597" errors="0" timestamp="2023-03-20T13:13:56 IST" skipped="0">
  <testcase classname="Selenium.Yahoo" name="yah" time="10.597"/>
  <system-out/>
</testsuite> <!-- Selenium.Yahoo -->
