<?xml version="1.0" encoding="UTF-8"?>
<!-- Generated by org.testng.reporters.JUnitReportReporter -->
<testsuite hostname="DESKTOP-R71JSJF" failures="0" tests="1" name="Product.ToFetchTheImages" time="8.253" errors="0" timestamp="2023-02-12T14:43:31 IST" skipped="0">
  <testcase classname="Product.ToFetchTheImages" name="ToFetchTheImage" time="8.253"/>
  <system-out/>
</testsuite> <!-- Product.ToFetchTheImages -->
