<?xml version="1.0" encoding="UTF-8"?>
<!-- Generated by org.testng.reporters.JUnitReportReporter -->
<testsuite hostname="DESKTOP-R71JSJF" failures="0" tests="1" name="RedBus.TwoStuffedFrog" time="14.036" errors="0" timestamp="2023-02-12T17:15:42 IST" skipped="0">
  <testcase classname="RedBus.TwoStuffedFrog" name="Two" time="14.036"/>
  <system-out/>
</testsuite> <!-- RedBus.TwoStuffedFrog -->
