<?xml version="1.0" encoding="UTF-8"?>
<!-- Generated by org.testng.reporters.JUnitReportReporter -->
<testsuite hostname="DESKTOP-R71JSJF" failures="0" tests="2" name="Product.Product_test" time="8.654" errors="0" timestamp="2023-01-28T17:31:56 IST" skipped="0">
  <testcase classname="Product.Product_test" name="Product_test" time="8.643"/>
  <system-out/>
  <testcase classname="Product.Product_test" name="AT" time="0.011"/>
  <system-out/>
</testsuite> <!-- Product.Product_test -->
