<?xml version="1.0" encoding="UTF-8"?>
<!-- Generated by org.testng.reporters.JUnitReportReporter -->
<testsuite hostname="DESKTOP-R71JSJF" failures="0" tests="2" name="Organisation.Organisation1_test" time="14.187" errors="0" timestamp="2023-02-04T20:03:36 IST" skipped="0">
  <testcase classname="Organisation.Organisation1_test" name="AT" time="0.010"/>
  <system-out/>
  <testcase classname="Organisation.Organisation1_test" name="Organisation1" time="14.177"/>
  <system-out/>
</testsuite> <!-- Organisation.Organisation1_test -->
