<?xml version="1.0" encoding="UTF-8"?>
<!-- Generated by org.testng.reporters.JUnitReportReporter -->
<testsuite hostname="DESKTOP-R71JSJF" failures="0" tests="1" name="com.crm.Campaign.CreateCampaignWithProduct" time="29.612" errors="0" timestamp="2022-11-17T20:56:42 IST" skipped="0">
  <testcase classname="com.crm.Campaign.CreateCampaignWithProduct" name="CreateCampaignWithProduct" time="29.612"/>
  <system-out/>
</testsuite> <!-- com.crm.Campaign.CreateCampaignWithProduct -->
