<?xml version="1.0" encoding="UTF-8"?>
<!-- Generated by org.testng.reporters.JUnitReportReporter -->
<testsuite hostname="DESKTOP-R71JSJF" failures="0" tests="1" name="com.crm.Organisation.CreateOrganisation_test" time="34.167" errors="0" timestamp="2022-11-21T20:20:07 IST" skipped="0">
  <testcase classname="com.crm.Organisation.CreateOrganisation_test" name="CreateOrganisationTest" time="34.167"/>
  <system-out/>
</testsuite> <!-- com.crm.Organisation.CreateOrganisation_test -->
